TN:
SF:config\db.ts
FNF:0
FNH:0
DA:3,2
DA:4,2
DA:7,2
DA:10,2
LF:4
LH:4
BRF:0
BRH:0
end_of_record
TN:
SF:config\mailer.ts
FNF:0
FNH:0
DA:3,1
DA:4,1
DA:7,1
DA:10,1
LF:4
LH:4
BRF:0
BRH:0
end_of_record
TN:
SF:controllers\intentionController.ts
FN:12,createIntention
FN:32,updateIntention
FNF:2
FNH:2
FNDA:2,createIntention
FNDA:1,updateIntention
DA:3,1
DA:12,1
DA:16,2
DA:19,2
DA:20,2
DA:24,2
DA:26,0
DA:27,0
DA:32,1
DA:36,1
DA:37,1
DA:40,1
DA:41,1
DA:42,1
DA:43,0
DA:47,1
DA:52,1
DA:54,0
DA:55,0
LF:19
LH:14
BRDA:42,0,0,0
BRF:1
BRH:0
end_of_record
TN:
SF:controllers\leadController.ts
FN:13,createLead
FNF:1
FNH:1
FNDA:1,createLead
DA:4,1
DA:5,1
DA:13,1
DA:14,1
DA:16,1
DA:18,1
DA:24,1
DA:32,1
DA:37,0
DA:38,0
LF:10
LH:8
BRF:0
BRH:0
end_of_record
TN:
SF:routes\intentionRoutes.ts
FN:7,intentionRoutes
FNF:1
FNH:1
FNDA:1,intentionRoutes
DA:2,1
DA:3,1
DA:4,1
DA:7,1
DA:8,1
DA:13,1
LF:6
LH:6
BRF:0
BRH:0
end_of_record
TN:
SF:routes\leadRoutes.ts
FN:6,leadRoutes
FNF:1
FNH:1
FNDA:1,leadRoutes
DA:2,1
DA:3,1
DA:6,1
DA:7,1
LF:4
LH:4
BRF:0
BRH:0
end_of_record
TN:
SF:schemas\createIntentionSchema.ts
FNF:0
FNH:0
DA:2,1
LF:1
LH:1
BRF:0
BRH:0
end_of_record
TN:
SF:schemas\createLeadSchema.ts
FNF:0
FNH:0
DA:2,1
LF:1
LH:1
BRF:0
BRH:0
end_of_record
TN:
SF:schemas\updateIntentionSchema.ts
FNF:0
FNH:0
DA:2,1
LF:1
LH:1
BRF:0
BRH:0
end_of_record
